<?xml version="1.0" encoding="UTF-8"?>
<testsuite xmlns:xsi="http://www.w3.org/2001/XMLSchema-instance" xsi:noNamespaceSchemaLocation="https://maven.apache.org/surefire/maven-surefire-plugin/xsd/surefire-test-report-3.0.xsd" version="3.0" name="com.vieterp.auth.PermissionTest" time="0.031" tests="4" errors="0" skipped="0" failures="0">
  <properties>
[...]
</properties>
  <testcase name="hrmPermissionsExist" classname="com.vieterp.auth.PermissionTest" time="0.01"/>
  <testcase name="permissionValuesAreNotNull" classname="com.vieterp.auth.PermissionTest" time="0.001"/>
  <testcase name="jwtClaimsEqualsAndHashCode" classname="com.vieterp.auth.PermissionTest" time="0.012"/>
  <testcase name="jwtClaimsBuilderWorks" classname="com.vieterp.auth.PermissionTest" time="0.0"/>
</testsuite>